2023-12-14 00:50:14.831809	DEBUG	/home/V2X-Hub/src/tmx/TmxCore/src/logger.cpp, 127	Adding event log from '--------' --> ------------------------
2023-12-14 00:50:14.852686	INFO	/home/V2X-Hub/src/tmx/TmxCore/src/logger.cpp, 114	Adding event log from 'Ivp Core' --> IVP Core Starting
2023-12-14 00:50:16.032479	INFO	/home/V2X-Hub/src/tmx/TmxCore/src/logger.cpp, 114	Adding event log from 'ivpcore.PluginMonitor' --> Plugin registered
2023-12-14 00:50:16.049057	INFO	/home/V2X-Hub/src/tmx/TmxCore/src/Plugin.cpp, 141	<ivpcore.PluginMonitor> Setting plugin status: Running
2023-12-14 00:50:16.082534	INFO	/home/V2X-Hub/src/tmx/TmxCore/src/Plugin.cpp, 141	<ivpcore.PluginMonitor> Setting plugin status: Delayed Start...
2023-12-14 00:50:16.157278	INFO	/home/V2X-Hub/src/tmx/TmxCore/src/logger.cpp, 114	Adding event log from 'ivpcore.MessageProfiler' --> Plugin registered
2023-12-14 00:50:16.171192	INFO	/home/V2X-Hub/src/tmx/TmxCore/src/Plugin.cpp, 141	<ivpcore.MessageProfiler> Setting plugin status: Running
2023-12-14 00:50:16.233430	INFO	/home/V2X-Hub/src/tmx/TmxCore/src/logger.cpp, 114	Adding event log from 'ivpcore.HistoryManager' --> Plugin registered
2023-12-14 00:50:16.246266	INFO	/home/V2X-Hub/src/tmx/TmxCore/src/Plugin.cpp, 141	<ivpcore.HistoryManager> Setting plugin status: Running
2023-12-14 00:50:26.091452	INFO	/home/V2X-Hub/src/tmx/TmxCore/src/Plugin.cpp, 141	<ivpcore.PluginMonitor> Setting plugin status: Running
2023-12-14 00:50:32.204575	INFO	/home/V2X-Hub/src/tmx/TmxCore/src/logger.cpp, 114	Adding event log from 'CARMAStreetsPlugin' --> Plugin registered
2023-12-14 00:50:32.218801	INFO	/home/V2X-Hub/src/tmx/TmxCore/src/Plugin.cpp, 141	<CARMAStreetsPlugin> Setting plugin status: Running
2023-12-14 00:50:33.067123	INFO	/home/V2X-Hub/src/tmx/TmxCore/src/logger.cpp, 114	Adding event log from 'CDASimAdapter' --> Plugin registered
2023-12-14 00:50:33.093294	INFO	/home/V2X-Hub/src/tmx/TmxCore/src/Plugin.cpp, 141	<CDASimAdapter> Setting plugin status: Running
2023-12-14 00:50:34.038275	INFO	/home/V2X-Hub/src/tmx/TmxCore/src/logger.cpp, 114	Adding event log from 'CommandPlugin' --> Plugin registered
2023-12-14 00:50:34.064356	INFO	/home/V2X-Hub/src/tmx/TmxCore/src/Plugin.cpp, 141	<CommandPlugin> Setting plugin status: Running
2023-12-14 00:50:35.087853	INFO	/home/V2X-Hub/src/tmx/TmxCore/src/logger.cpp, 114	Adding event log from 'ImmediateForward' --> Plugin registered
2023-12-14 00:50:35.114637	INFO	/home/V2X-Hub/src/tmx/TmxCore/src/Plugin.cpp, 141	<ImmediateForward> Setting plugin status: Running
2023-12-14 00:50:36.062707	INFO	/home/V2X-Hub/src/tmx/TmxCore/src/logger.cpp, 114	Adding event log from 'MAP' --> Plugin registered
2023-12-14 00:50:36.084953	INFO	/home/V2X-Hub/src/tmx/TmxCore/src/Plugin.cpp, 141	<MAP> Setting plugin status: Running
2023-12-14 00:50:36.965033	WARNING	/home/V2X-Hub/src/tmx/TmxCore/src/Plugin.cpp, 157	<Unknown> Unable to set plugin status items, plugin is not registered
2023-12-14 00:50:36.965101	WARNING	/home/V2X-Hub/src/tmx/TmxCore/src/PluginConnection.cpp, 508	Unable to set plugin status items, plugin is not registered
2023-12-14 00:50:37.027698	INFO	/home/V2X-Hub/src/tmx/TmxCore/src/logger.cpp, 114	Adding event log from 'ivpcore.PluginMonitor' --> Plugin 'CARMAStreetsPlugin' (id: 2) startup time: 986 milliseconds
2023-12-14 00:50:37.048446	INFO	/home/V2X-Hub/src/tmx/TmxCore/src/logger.cpp, 114	Adding event log from 'ivpcore.PluginMonitor' --> Plugin 'CDASimAdapter' (id: 3) startup time: 1729 milliseconds
2023-12-14 00:50:37.082219	INFO	/home/V2X-Hub/src/tmx/TmxCore/src/logger.cpp, 114	Adding event log from 'ivpcore.PluginMonitor' --> Plugin 'CommandPlugin' (id: 4) startup time: 2557 milliseconds
2023-12-14 00:50:37.087938	INFO	/home/V2X-Hub/src/tmx/TmxCore/src/logger.cpp, 114	Adding event log from 'MessageReceiver' --> Plugin registered
2023-12-14 00:50:37.103910	INFO	/home/V2X-Hub/src/tmx/TmxCore/src/logger.cpp, 114	Adding event log from 'ivpcore.PluginMonitor' --> Plugin 'ImmediateForward' (id: 8) startup time: 3463 milliseconds
2023-12-14 00:50:37.116912	INFO	/home/V2X-Hub/src/tmx/TmxCore/src/Plugin.cpp, 141	<MessageReceiver> Setting plugin status: Running
2023-12-14 00:50:37.123159	INFO	/home/V2X-Hub/src/tmx/TmxCore/src/logger.cpp, 114	Adding event log from 'ivpcore.PluginMonitor' --> Plugin 'MAP' (id: 10) startup time: 4290 milliseconds
2023-12-14 00:50:42.186442	INFO	/home/V2X-Hub/src/tmx/TmxCore/src/logger.cpp, 114	Adding event log from 'ivpcore.PluginMonitor' --> Plugin 'MessageReceiver' (id: 12) startup time: 5188 milliseconds
2023-12-14 00:52:16.284112	DEBUG	/home/V2X-Hub/src/tmx/TmxCore/src/HistoryManager.cpp, 87	Purged 17 event log entries
